<?xml version="1.0" encoding="UTF-8"?>
<!-- Generated by org.testng.reporters.JUnitReportReporter -->
<testsuite skipped="0" hostname="LAPTOP-1016HSRS" name="com.seleniumsingleton.TestCase" tests="2" failures="0" timestamp="14 Dec 2019 14:49:15 GMT" time="34.311" errors="0">
  <testcase name="testGoogle" time="12.935" classname="com.seleniumsingleton.TestCase"/>
  <testcase name="testAmazon" time="21.376" classname="com.seleniumsingleton.TestCase"/>
</testsuite> <!-- com.seleniumsingleton.TestCase -->
