<?xml version="1.0" encoding="UTF-8"?>
<!-- Generated by org.testng.reporters.JUnitReportReporter -->
<testsuite skipped="0" hostname="LAPTOP-1016HSRS" name="com.seleniumsingleton.TestCase3" tests="3" failures="0" timestamp="14 Dec 2019 15:31:56 GMT" time="43.206" errors="0">
  <testcase name="testGoogle" time="13.163" classname="com.seleniumsingleton.TestCase3"/>
  <testcase name="testGoogle" time="12.080" classname="com.seleniumsingleton.TestCase3"/>
  <testcase name="testAmazon" time="17.963" classname="com.seleniumsingleton.TestCase3"/>
</testsuite> <!-- com.seleniumsingleton.TestCase3 -->
