<?xml version="1.0" encoding="UTF-8"?>
<!-- Generated by org.testng.reporters.JUnitReportReporter -->
<testsuite skipped="0" hostname="LAPTOP-1016HSRS" name="com.seleniumsingleton.TestCase2" tests="4" failures="0" timestamp="14 Dec 2019 15:12:38 GMT" time="61.975" errors="0">
  <testcase name="testGoogle" time="14.184" classname="com.seleniumsingleton.TestCase2"/>
  <testcase name="testAmazon" time="15.340" classname="com.seleniumsingleton.TestCase2"/>
  <testcase name="testAmazon" time="16.582" classname="com.seleniumsingleton.TestCase2"/>
  <testcase name="testAmazon" time="15.869" classname="com.seleniumsingleton.TestCase2"/>
</testsuite> <!-- com.seleniumsingleton.TestCase2 -->
